
Intel ACPI Component Architecture
ASL+ Optimizing Compiler/Disassembler version 20240927
Copyright (c) 2000 - 2023 Intel Corporation

External object resolution file            SSDT9
External object resolution file            SSDT8
External object resolution file            SSDT7
External object resolution file            SSDT6
External object resolution file            SSDT5
External object resolution file            SSDT4
External object resolution file           SSDT31
External object resolution file           SSDT30
External object resolution file            SSDT3
External object resolution file           SSDT29
External object resolution file           SSDT28
External object resolution file           SSDT27
External object resolution file           SSDT26
External object resolution file           SSDT25
External object resolution file           SSDT24
External object resolution file           SSDT23
External object resolution file           SSDT22
External object resolution file           SSDT21
External object resolution file           SSDT20
External object resolution file            SSDT2
External object resolution file           SSDT19
External object resolution file           SSDT18
External object resolution file           SSDT17
External object resolution file           SSDT16
External object resolution file           SSDT15
External object resolution file           SSDT14
External object resolution file           SSDT13
External object resolution file           SSDT12
External object resolution file           SSDT11
External object resolution file           SSDT10
External object resolution file            SSDT1
Firmware Error (ACPI): Failure creating named object [\_SB.PCI0.GPP6.WLAN._S0W], AE_ALREADY_EXISTS (20240927/dswload-495)
Could not parse ACPI tables, AE_ALREADY_EXISTS
